Unity Editor version:    2023.2.16f1 (7f45223012db)
Branch:                  2023.2/staging
Build type:              Release
Batch mode:              YES
macOS version:           Version 14.4 (Build 23E214)
Darwin version:          23.4.0
Architecture:            arm64
Running under Rosetta:   NO
Available memory:        8192 MB
Using pre-set license
Pro License: YES
2024-04-08 20:07:48.561 Unity[2930:42374] WARNING: Secure coding is not enabled for restorable state! Enable secure coding by implementing NSApplicationDelegate.applicationSupportsSecureRestorableState: and returning YES.

COMMAND LINE ARGUMENTS:
/Applications/Unity/Hub/Editor/2021.3.6f1/2023.2.16f1/Unity.app/Contents/MacOS/Unity
-adb2
-batchMode
-noUpm
-name
AssetImportWorker1
-projectPath
/Users/sultan/Desktop/KelOinayiq
-logFile
Logs/AssetImportWorker1.log
-srvPort
50102
-job-worker-count
3
-background-job-worker-count
8
-asset-garbage-collectors
1
Successfully changed project path to: /Users/sultan/Desktop/KelOinayiq
/Users/sultan/Desktop/KelOinayiq
[UnityMemory] Configuration Parameters - Can be set up in boot.config
    "memorysetup-bucket-allocator-granularity=16"
    "memorysetup-bucket-allocator-bucket-count=8"
    "memorysetup-bucket-allocator-block-size=33554432"
    "memorysetup-bucket-allocator-block-count=8"
    "memorysetup-main-allocator-block-size=16777216"
    "memorysetup-thread-allocator-block-size=16777216"
    "memorysetup-gfx-main-allocator-block-size=16777216"
    "memorysetup-gfx-thread-allocator-block-size=16777216"
    "memorysetup-cache-allocator-block-size=4194304"
    "memorysetup-typetree-allocator-block-size=2097152"
    "memorysetup-profiler-bucket-allocator-granularity=16"
    "memorysetup-profiler-bucket-allocator-bucket-count=8"
    "memorysetup-profiler-bucket-allocator-block-size=33554432"
    "memorysetup-profiler-bucket-allocator-block-count=8"
    "memorysetup-profiler-allocator-block-size=16777216"
    "memorysetup-profiler-editor-allocator-block-size=1048576"
    "memorysetup-temp-allocator-size-main=16777216"
    "memorysetup-job-temp-allocator-block-size=2097152"
    "memorysetup-job-temp-allocator-block-size-background=1048576"
    "memorysetup-job-temp-allocator-reduction-small-platforms=262144"
    "memorysetup-allocator-temp-initial-block-size-main=262144"
    "memorysetup-allocator-temp-initial-block-size-worker=262144"
    "memorysetup-temp-allocator-size-background-worker=32768"
    "memorysetup-temp-allocator-size-job-worker=262144"
    "memorysetup-temp-allocator-size-preload-manager=33554432"
    "memorysetup-temp-allocator-size-nav-mesh-worker=65536"
    "memorysetup-temp-allocator-size-audio-worker=65536"
    "memorysetup-temp-allocator-size-cloud-worker=32768"
    "memorysetup-temp-allocator-size-gi-baking-worker=262144"
    "memorysetup-temp-allocator-size-gi-baking-worker=262144"
    "memorysetup-temp-allocator-size-gi-baking-worker=262144"
    "memorysetup-temp-allocator-size-gi-baking-worker=262144"
    "memorysetup-temp-allocator-size-gfx=262144"
Player connection [8275720896] Host "[IP] 192.168.1.6 [Port] 0 [Flags] 2 [Guid] 4202509398 [EditorId] 4202509398 [Version] 1048832 [Id] OSXEditor(0,Mr) [Debug] 1 [PackageName] OSXEditor [ProjectName] Editor" joined multi-casting on [225.0.0.222:54997]...
Player connection [8275720896] Host "[IP] 192.168.1.6 [Port] 0 [Flags] 2 [Guid] 4202509398 [EditorId] 4202509398 [Version] 1048832 [Id] OSXEditor(0,Mr) [Debug] 1 [PackageName] OSXEditor [ProjectName] Editor" joined alternative multi-casting on [225.0.0.222:34997]...
JobSystem: Creating JobQueue using job-worker-count value 3
[Physics::Module] Initialized MultithreadedJobDispatcher with 3 workers.
Library Redirect Path: Library/
Refreshing native plugins compatible for Editor in 1.73 ms, found 2 plugins.
Preloading 0 native plugins for Editor in 0.00 ms.
Initialize engine version: 2023.2.16f1 (7f45223012db)
[Subsystems] Discovering subsystems at path /Applications/Unity/Hub/Editor/2021.3.6f1/2023.2.16f1/Unity.app/Contents/Resources/UnitySubsystems
[Subsystems] Discovering subsystems at path /Users/sultan/Desktop/KelOinayiq/Assets
GfxDevice: creating device client; kGfxThreadingModeNonThreaded
 preferred device: Apple M1 (high power)
Metal devices available: 1
0: Apple M1 (high power)
Using device Apple M1 (high power)
Initializing Metal device caps: Apple M1
Initialize mono
Mono path[0] = '/Applications/Unity/Hub/Editor/2021.3.6f1/2023.2.16f1/Unity.app/Contents/Managed'
Mono path[1] = '/Applications/Unity/Hub/Editor/2021.3.6f1/2023.2.16f1/Unity.app/Contents/MonoBleedingEdge/lib/mono/unityjit-macos'
Mono config path = '/Applications/Unity/Hub/Editor/2021.3.6f1/2023.2.16f1/Unity.app/Contents/MonoBleedingEdge/etc'
Using monoOptions --debugger-agent=transport=dt_socket,embedding=1,server=y,suspend=n,address=127.0.0.1:56930
Begin MonoManager ReloadAssembly
icall.c:1842:
icall.c:1842:
icall.c:1842:
icall.c:1842:
icall.c:1842:
icall.c:1842:
icall.c:1842:
icall.c:1842:
icall.c:1842:
icall.c:1842:
Registering precompiled unity dll's ...
Register platform support module: /Applications/Unity/Hub/Editor/2021.3.6f1/2023.2.16f1/Unity.app/Contents/PlaybackEngines/MacStandaloneSupport/UnityEditor.OSXStandalone.Extensions.dll
Register platform support module: /Applications/Unity/Hub/Editor/2021.3.6f1/2023.2.16f1/PlaybackEngines/AndroidPlayer/UnityEditor.Android.Extensions.dll
Registered in 0.002767 seconds.
- Loaded All Assemblies, in  0.327 seconds
Native extension for Android target not found
Android Extension - Scanning For ADB Devices 228 ms
Native extension for OSXStandalone target not found
Mono: successfully reloaded assembly
icall.c:1842:
icall.c:1842:
- Finished resetting the current domain, in  0.494 seconds
Domain Reload Profiling: 821ms
	BeginReloadAssembly (113ms)
		ExecutionOrderSort (0ms)
		DisableScriptedObjects (0ms)
		BackupInstance (0ms)
		ReleaseScriptingObjects (0ms)
		CreateAndSetChildDomain (1ms)
	RebuildCommonClasses (34ms)
	RebuildNativeTypeToScriptingClass (10ms)
	initialDomainReloadingComplete (35ms)
	LoadAllAssembliesAndSetupDomain (135ms)
		LoadAssemblies (113ms)
		RebuildTransferFunctionScriptingTraits (0ms)
		AnalyzeDomain (132ms)
			TypeCache.Refresh (131ms)
				TypeCache.ScanAssembly (119ms)
			BuildScriptInfoCaches (0ms)
			ResolveRequiredComponents (0ms)
	FinalizeReload (494ms)
		ReleaseScriptCaches (0ms)
		RebuildScriptCaches (0ms)
		SetupLoadedEditorAssemblies (456ms)
			LogAssemblyErrors (0ms)
			InitializePlatformSupportModulesInManaged (319ms)
			SetLoadedEditorAssemblies (2ms)
			BeforeProcessingInitializeOnLoad (4ms)
			ProcessInitializeOnLoadAttributes (95ms)
			ProcessInitializeOnLoadMethodAttributes (36ms)
			AfterProcessingInitializeOnLoad (0ms)
			EditorAssembliesLoaded (0ms)
		ExecutionOrderSort2 (0ms)
		AwakeInstancesAfterBackupRestoration (0ms)
========================================================================
Worker process is ready to serve import requests
Import Worker Mode flag is 0x00
Begin MonoManager ReloadAssembly
icall.c:1842:
icall.c:1842:
icall.c:1842:
icall.c:1842:
icall.c:1842:
icall.c:1842:
icall.c:1842:
icall.c:1842:
icall.c:1842:
icall.c:1842:
icall.c:1842:
icall.c:1842:
- Loaded All Assemblies, in  0.442 seconds
Refreshing native plugins compatible for Editor in 0.12 ms, found 2 plugins.
Native extension for Android target not found
Native extension for OSXStandalone target not found
Mono: successfully reloaded assembly
- Finished resetting the current domain, in  0.386 seconds
Domain Reload Profiling: 827ms
	BeginReloadAssembly (182ms)
		ExecutionOrderSort (0ms)
		DisableScriptedObjects (3ms)
		BackupInstance (0ms)
		ReleaseScriptingObjects (0ms)
		CreateAndSetChildDomain (31ms)
	RebuildCommonClasses (28ms)
	RebuildNativeTypeToScriptingClass (10ms)
	initialDomainReloadingComplete (23ms)
	LoadAllAssembliesAndSetupDomain (199ms)
		LoadAssemblies (159ms)
		RebuildTransferFunctionScriptingTraits (0ms)
		AnalyzeDomain (83ms)
			TypeCache.Refresh (74ms)
				TypeCache.ScanAssembly (61ms)
			BuildScriptInfoCaches (6ms)
			ResolveRequiredComponents (1ms)
	FinalizeReload (386ms)
		ReleaseScriptCaches (0ms)
		RebuildScriptCaches (0ms)
		SetupLoadedEditorAssemblies (248ms)
			LogAssemblyErrors (0ms)
			InitializePlatformSupportModulesInManaged (11ms)
			SetLoadedEditorAssemblies (2ms)
			BeforeProcessingInitializeOnLoad (11ms)
			ProcessInitializeOnLoadAttributes (203ms)
			ProcessInitializeOnLoadMethodAttributes (21ms)
			AfterProcessingInitializeOnLoad (1ms)
			EditorAssembliesLoaded (0ms)
		ExecutionOrderSort2 (0ms)
		AwakeInstancesAfterBackupRestoration (4ms)
Launching external process: /Applications/Unity/Hub/Editor/2021.3.6f1/2023.2.16f1/Unity.app/Contents/Tools/UnityShaderCompiler
Launched and connected shader compiler UnityShaderCompiler after 0.07 seconds
Refreshing native plugins compatible for Editor in 0.17 ms, found 2 plugins.
Preloading 0 native plugins for Editor in 0.00 ms.
Unloading 8 Unused Serialized files (Serialized files now loaded: 0)
Unloading 1631 unused Assets / (0.9 MB). Loaded Objects now: 2184.
Memory consumption went from 95.2 MB to 94.3 MB.
Total: 4.490917 ms (FindLiveObjects: 0.176042 ms CreateObjectMapping: 0.051291 ms MarkObjects: 3.757875 ms  DeleteObjects: 0.505375 ms)

========================================================================
Received Import Request.
  Time since last request: 1738.108646 seconds.
  path: Assets/Quiz/Texture/Square.png
  artifactKey: Guid(646c64186de041f4781b774eb0025e62) Importer(815301076,1909f56bfc062723c751e8b465ee728b)
Start importing Assets/Quiz/Texture/Square.png using Guid(646c64186de041f4781b774eb0025e62) Importer(815301076,1909f56bfc062723c751e8b465ee728b) (PreviewImporter) -> (artifact id: '40d7ff9da67a1a872d3524ebaa17b87b') in 0.065023 seconds
Number of updated asset objects reloaded before import = 0Number of asset objects unloaded after import = 3

========================================================================
Received Import Request.
  Time since last request: 0.000028 seconds.
  path: Assets/Quiz/Texture/heart.png
  artifactKey: Guid(ba13ebf64d9304c1895bc71de6405768) Importer(815301076,1909f56bfc062723c751e8b465ee728b)
Start importing Assets/Quiz/Texture/heart.png using Guid(ba13ebf64d9304c1895bc71de6405768) Importer(815301076,1909f56bfc062723c751e8b465ee728b) (PreviewImporter) -> (artifact id: '6a91304439d6daa40dc0574a2689f106') in 0.00759075 seconds
Number of updated asset objects reloaded before import = 0Number of asset objects unloaded after import = 3

========================================================================
Received Import Request.
  Time since last request: 0.000041 seconds.
  path: Assets/Quiz/Texture/SquareCurveCornerLarge.png
  artifactKey: Guid(5063c189508956e41a03f0eec03d2821) Importer(815301076,1909f56bfc062723c751e8b465ee728b)
Start importing Assets/Quiz/Texture/SquareCurveCornerLarge.png using Guid(5063c189508956e41a03f0eec03d2821) Importer(815301076,1909f56bfc062723c751e8b465ee728b) (PreviewImporter) -> (artifact id: '740231347564c02bbbfbb49829673413') in 0.005365458 seconds
Number of updated asset objects reloaded before import = 0Number of asset objects unloaded after import = 3

========================================================================
Received Import Request.
  Time since last request: 0.000102 seconds.
  path: Assets/Quiz/Resources/Leve2.asset
  artifactKey: Guid(2a11638ab22ad44e7a1587fa8534cf4b) Importer(815301076,1909f56bfc062723c751e8b465ee728b)
Start importing Assets/Quiz/Resources/Leve2.asset using Guid(2a11638ab22ad44e7a1587fa8534cf4b) Importer(815301076,1909f56bfc062723c751e8b465ee728b) (PreviewImporter) -> (artifact id: '996a45c920cfc6df3b29e5bc95c4d35f') in 0.006802208 seconds
Number of updated asset objects reloaded before import = 0Number of asset objects unloaded after import = 1

========================================================================
Received Import Request.
  Time since last request: 0.000733 seconds.
  path: Assets/Quiz/Texture/oyu.png
  artifactKey: Guid(c89a9b71a2ef8449ab457decab97287d) Importer(815301076,1909f56bfc062723c751e8b465ee728b)
Start importing Assets/Quiz/Texture/oyu.png using Guid(c89a9b71a2ef8449ab457decab97287d) Importer(815301076,1909f56bfc062723c751e8b465ee728b) (PreviewImporter) -> (artifact id: '9348a4ffc7f333fde128fd1f2903241a') in 0.014919792 seconds
Number of updated asset objects reloaded before import = 0Number of asset objects unloaded after import = 3

========================================================================
Received Import Request.
  Time since last request: 0.000253 seconds.
  path: Assets/Quiz/Texture/sound.png
  artifactKey: Guid(e4afcec0fa3c8814d92cf6c9fa7e1fb5) Importer(815301076,1909f56bfc062723c751e8b465ee728b)
Start importing Assets/Quiz/Texture/sound.png using Guid(e4afcec0fa3c8814d92cf6c9fa7e1fb5) Importer(815301076,1909f56bfc062723c751e8b465ee728b) (PreviewImporter) -> (artifact id: '1930a217caa1bcb206909fd58db0a92f') in 0.011052791 seconds
Number of updated asset objects reloaded before import = 0Number of asset objects unloaded after import = 3

========================================================================
Received Import Request.
  Time since last request: 0.000132 seconds.
  path: Assets/Quiz/Resources/Level1.asset
  artifactKey: Guid(df6004af69d23cd48a8e77bc6730af97) Importer(815301076,1909f56bfc062723c751e8b465ee728b)
Start importing Assets/Quiz/Resources/Level1.asset using Guid(df6004af69d23cd48a8e77bc6730af97) Importer(815301076,1909f56bfc062723c751e8b465ee728b) (PreviewImporter) -> (artifact id: '89e655a7ab9a2bd460c533290b6684dc') in 0.002275583 seconds
Number of updated asset objects reloaded before import = 0Number of asset objects unloaded after import = 1

========================================================================
Received Import Request.
  Time since last request: 0.000300 seconds.
  path: Assets/Quiz/Texture/lock.png
  artifactKey: Guid(12495d1c7b0cf47fab2ca0808edafe85) Importer(815301076,1909f56bfc062723c751e8b465ee728b)
Start importing Assets/Quiz/Texture/lock.png using Guid(12495d1c7b0cf47fab2ca0808edafe85) Importer(815301076,1909f56bfc062723c751e8b465ee728b) (PreviewImporter) -> (artifact id: 'bf5bd92d1623720e0a90b719a0eff0a4') in 0.006339542 seconds
Number of updated asset objects reloaded before import = 0Number of asset objects unloaded after import = 3

========================================================================
Received Import Request.
  Time since last request: 0.000040 seconds.
  path: Assets/Quiz/Texture/Slider2.png
  artifactKey: Guid(13af95769cb7e204281e41f50603e527) Importer(815301076,1909f56bfc062723c751e8b465ee728b)
Start importing Assets/Quiz/Texture/Slider2.png using Guid(13af95769cb7e204281e41f50603e527) Importer(815301076,1909f56bfc062723c751e8b465ee728b) (PreviewImporter) -> (artifact id: '24bcc1ff8d6db815f388d33b117ce154') in 0.003579083 seconds
Number of updated asset objects reloaded before import = 0Number of asset objects unloaded after import = 3

========================================================================
Received Import Request.
  Time since last request: 0.000042 seconds.
  path: Assets/Quiz/Prefabs/CategoryBtn.prefab
  artifactKey: Guid(fa786989370b9e048886ad7aa47746bd) Importer(815301076,1909f56bfc062723c751e8b465ee728b)
Start importing Assets/Quiz/Prefabs/CategoryBtn.prefab using Guid(fa786989370b9e048886ad7aa47746bd) Importer(815301076,1909f56bfc062723c751e8b465ee728b) (PreviewImporter) -> (artifact id: 'aceb783af4de8fe2d8dd6cd0b905716a') in 0.008548542 seconds
Number of updated asset objects reloaded before import = 0Number of asset objects unloaded after import = 22

========================================================================
Received Import Request.
  Time since last request: 0.000031 seconds.
  path: Assets/Quiz/Texture/Slider1.png
  artifactKey: Guid(86aa9ed609435cc42bde7ec78a95ad65) Importer(815301076,1909f56bfc062723c751e8b465ee728b)
Start importing Assets/Quiz/Texture/Slider1.png using Guid(86aa9ed609435cc42bde7ec78a95ad65) Importer(815301076,1909f56bfc062723c751e8b465ee728b) (PreviewImporter) -> (artifact id: 'a72d98cb955c4d75b6bd7e3c8152eb2f') in 0.003784542 seconds
Number of updated asset objects reloaded before import = 0Number of asset objects unloaded after import = 3

========================================================================
Received Import Request.
  Time since last request: 0.000121 seconds.
  path: Assets/Quiz/Resources/Leve3.asset
  artifactKey: Guid(0fff6d741f29e4bd5a8793fbdf348e7e) Importer(815301076,1909f56bfc062723c751e8b465ee728b)
Start importing Assets/Quiz/Resources/Leve3.asset using Guid(0fff6d741f29e4bd5a8793fbdf348e7e) Importer(815301076,1909f56bfc062723c751e8b465ee728b) (PreviewImporter) -> (artifact id: 'ceae5fd39d1256f37f2d92b40b178398') in 0.0017095 seconds
Number of updated asset objects reloaded before import = 0Number of asset objects unloaded after import = 1

========================================================================
Received Import Request.
  Time since last request: 0.000125 seconds.
  path: Assets/Quiz/Texture/Circle.png
  artifactKey: Guid(283609bced002c541af7d597f2e5dffd) Importer(815301076,1909f56bfc062723c751e8b465ee728b)
Start importing Assets/Quiz/Texture/Circle.png using Guid(283609bced002c541af7d597f2e5dffd) Importer(815301076,1909f56bfc062723c751e8b465ee728b) (PreviewImporter) -> (artifact id: '62c52fe193d37d8f611c89ec8e8dae8f') in 0.00413725 seconds
Number of updated asset objects reloaded before import = 0Number of asset objects unloaded after import = 3

