
=== Thu Sep 21 19:16:18 2023

Packages were changed.
Update Mode: updateDependencies

The following packages were added:
  com.unity.ide.visualstudio@2.0.18
  com.unity.ai.navigation@1.1.3
The following packages were updated:
  com.unity.collab-proxy from version 1.2.16 to 2.0.4
  com.unity.ext.nunit from version 1.0.0 to 1.0.6
  com.unity.ide.rider from version 1.1.0 to 3.0.21
  com.unity.ide.vscode from version 1.1.3 to 1.2.5
  com.unity.test-framework from version 1.0.13 to 1.1.33
  com.unity.textmeshpro from version 2.0.1 to 3.0.6
  com.unity.timeline from version 1.1.0 to 1.7.4
The following packages were removed:
  com.unity.package-manager-ui@2.2.0

=== Mon Apr  8 19:41:59 2024

Packages were changed.
Update Mode: updateDependencies

The following packages were added:
  com.unity.modules.accessibility@1.0.0
The following packages were updated:
  com.unity.ai.navigation from version 1.1.3 to 2.0.0
  com.unity.collab-proxy from version 2.0.4 to 2.3.1
  com.unity.ext.nunit from version 1.0.6 to 2.0.5
  com.unity.ide.rider from version 3.0.21 to 3.0.28
  com.unity.ide.visualstudio from version 2.0.18 to 2.0.22
  com.unity.test-framework from version 1.1.33 to 1.3.9
  com.unity.timeline from version 1.7.4 to 1.8.6
  com.unity.ugui from version 1.0.0 to 2.0.0
The following packages were removed:
  com.unity.textmeshpro@3.0.6
